[debug] [2025-11-12T01:50:33.012Z] ----------------------------------------------------------------------
[debug] [2025-11-12T01:50:33.015Z] Command:       /nix/store/ws50yvm6vzlzf7jzz6n7xh4szddrack1-nodejs-20.19.1/bin/node /nix/store/f77kilzcw5hh2gidh22k6pj8cp7pxp7h-firebase-tools-14.22.0/lib/node_modules/firebase-tools/lib/bin/firebase.js init hosting
[debug] [2025-11-12T01:50:33.015Z] CLI Version:   14.22.0
[debug] [2025-11-12T01:50:33.016Z] Platform:      linux
[debug] [2025-11-12T01:50:33.016Z] Node Version:  v20.19.1
[debug] [2025-11-12T01:50:33.016Z] Time:          Wed Nov 12 2025 01:50:33 GMT+0000 (Coordinated Universal Time)
[debug] [2025-11-12T01:50:33.016Z] ----------------------------------------------------------------------
[debug] 
[debug] [2025-11-12T01:50:33.023Z] Checked if tokens are valid: true, expires at: 1762915808047
[debug] [2025-11-12T01:50:33.023Z] Checked if tokens are valid: true, expires at: 1762915808047
[debug] [2025-11-12T01:50:33.028Z] >>> [apiv2][query] GET https://monospace-pa.googleapis.com/v1/workspaces/chessklub1-75906370 [none]
[debug] [2025-11-12T01:50:33.665Z] <<< [apiv2][status] GET https://monospace-pa.googleapis.com/v1/workspaces/chessklub1-75906370 200
[debug] [2025-11-12T01:50:33.665Z] <<< [apiv2][body] GET https://monospace-pa.googleapis.com/v1/workspaces/chessklub1-75906370 {"workspaceId":"chessklub1-75906370","name":"ChessKlub1","workspaceRedirectUrl":"firebase-chessklub1-1762911461399.cluster-hf4yr35cmnbd4vhbxvfvc6cp5q.cloudworkstations.dev","status":"WORKSPACE_STATUS_RUNNING","lastAccessDatetime":"2025-11-12T01:46:06.637434Z","workspaceTemplate":"WORKSPACE_TEMPLATE_BLANK_WEB","owner":"SELF","serviceAccountEmail":"msp-8587128445685384823@monospace-per-ws-sa-1.iam.gserviceaccount.com","enableNix":true,"ownerEmail":"j2jteams@gmail.com","workspaceImageUrl":"https://www.gstatic.com/monospace/231115/logo_nextjs.svg","templateArgs":"{\"language\":\"ts\",\"srcDir\":true,\"eslint\":true,\"app\":true,\"tailwind\":true,\"__agentic_workspace\":true}","templateRepoUrl":"file:///usr/local/monospace/templates/public/nextjs","workstationAccessToken":"eyJhbGciOiJSUzI1NiIsInR5cCI6IkpXVCJ9.eyJpc3MiOiJodHRwczovL2Nsb3VkLmdvb2dsZS5jb20vd29ya3N0YXRpb25zIiwiYXVkIjoiZmlyZWJhc2UtY2hlc3NrbHViMS0xNzYyOTExNDYxMzk5LmNsdXN0ZXItaGY0eXIzNWNtbmJkNHZoYnh2ZnZjNmNwNXEuY2xvdWR3b3Jrc3RhdGlvbnMuZGV2IiwiaWF0IjoxNzYyOTEyMjMzLCJleHAiOjE3NjI5OTg2MzN9.x-ZknLJx1fRcjjAuN65f5D-ZctEXnTiJ2Jnc2zF5uS_L7pceABIekhctcgGjBqZ3ptPAcH12HfW90OQQvgM3H-iePbTP44L5u5_k9buTBiWoHiLK2RqLPrrFKAopSqK5j2HbHCH64GZDq51w1982L2NEj676zo8WGkkOYRAKbDLUwlES4T2SyiGLHu1R8uc4HcZ-MskLLf4M-twx9s2_lxek594SCv0dJTPRNphLVZ1O6YD9uxlSrZZG5W_QjKrwTlylK9zJw7zCfKe8mSCHWoXZY87qZYMP81ZO6ZwGt0LnX9-folQJNPuiCb2Nra5sEZRTnZ2MSpKfcitZvFbAXQ"}
[info] 
     ######## #### ########  ######## ########     ###     ######  ########
     ##        ##  ##     ## ##       ##     ##  ##   ##  ##       ##
     ######    ##  ########  ######   ########  #########  ######  ######
     ##        ##  ##    ##  ##       ##     ## ##     ##       ## ##
     ##       #### ##     ## ######## ########  ##     ##  ######  ########

You're about to initialize a Firebase project in this directory:

  /home/user/chessklub1

[info] 
=== Project Setup
[info] 
[info] First, let's associate this project directory with a Firebase project.
[info] You can create multiple project aliases by running firebase use --add, 
[info] 
[error] Failed to fetch Firebase Project from Studio Workspace because WORKSPACE_SLUG environment variable is empty
[error] Failed to fetch Firebase Project from Studio Workspace because WORKSPACE_SLUG environment variable is empty
[error] Failed to fetch Firebase Project from Studio Workspace because WORKSPACE_SLUG environment variable is empty
[error] Failed to fetch Firebase Project from Studio Workspace because WORKSPACE_SLUG environment variable is empty
[debug] [2025-11-12T01:55:42.161Z] > command requires scopes: ["email","openid","https://www.googleapis.com/auth/cloudplatformprojects.readonly","https://www.googleapis.com/auth/firebase","https://www.googleapis.com/auth/cloud-platform","https://www.googleapis.com/auth/userinfo.email"]
[debug] [2025-11-12T01:55:42.162Z] > authorizing via signed-in user (j2jteams@gmail.com)
[debug] [2025-11-12T01:55:42.184Z] > command requires scopes: ["email","openid","https://www.googleapis.com/auth/cloudplatformprojects.readonly","https://www.googleapis.com/auth/firebase","https://www.googleapis.com/auth/cloud-platform","https://www.googleapis.com/auth/userinfo.email"]
[debug] [2025-11-12T01:55:42.184Z] > authorizing via signed-in user (j2jteams@gmail.com)
[error] Failed to fetch Firebase Project from Studio Workspace because WORKSPACE_SLUG environment variable is empty
[error] Failed to fetch Firebase Project from Studio Workspace because WORKSPACE_SLUG environment variable is empty
[error] Failed to fetch Firebase Project from Studio Workspace because WORKSPACE_SLUG environment variable is empty
[debug] [2025-11-12T01:55:42.361Z] > command requires scopes: ["email","openid","https://www.googleapis.com/auth/cloudplatformprojects.readonly","https://www.googleapis.com/auth/firebase","https://www.googleapis.com/auth/cloud-platform","https://www.googleapis.com/auth/userinfo.email"]
[debug] [2025-11-12T01:55:42.362Z] > authorizing via signed-in user (j2jteams@gmail.com)
[error] Failed to fetch Firebase Project from Studio Workspace because WORKSPACE_SLUG environment variable is empty
[debug] [2025-11-12T01:55:42.365Z] > command requires scopes: ["email","openid","https://www.googleapis.com/auth/cloudplatformprojects.readonly","https://www.googleapis.com/auth/firebase","https://www.googleapis.com/auth/cloud-platform","https://www.googleapis.com/auth/userinfo.email"]
[debug] [2025-11-12T01:55:42.365Z] > authorizing via signed-in user (j2jteams@gmail.com)
[error] Failed to fetch Firebase Project from Studio Workspace because WORKSPACE_SLUG environment variable is empty
[error] Failed to fetch Firebase Project from Studio Workspace because WORKSPACE_SLUG environment variable is empty
[error] Failed to fetch Firebase Project from Studio Workspace because WORKSPACE_SLUG environment variable is empty
[error] Failed to fetch Firebase Project from Studio Workspace because WORKSPACE_SLUG environment variable is empty
[debug] [2025-11-12T01:55:42.405Z] > command requires scopes: ["email","openid","https://www.googleapis.com/auth/cloudplatformprojects.readonly","https://www.googleapis.com/auth/firebase","https://www.googleapis.com/auth/cloud-platform","https://www.googleapis.com/auth/userinfo.email"]
[debug] [2025-11-12T01:55:42.405Z] > authorizing via signed-in user (j2jteams@gmail.com)
[error] Failed to fetch Firebase Project from Studio Workspace because WORKSPACE_SLUG environment variable is empty
[debug] [2025-11-12T01:55:42.407Z] > command requires scopes: ["email","openid","https://www.googleapis.com/auth/cloudplatformprojects.readonly","https://www.googleapis.com/auth/firebase","https://www.googleapis.com/auth/cloud-platform","https://www.googleapis.com/auth/userinfo.email"]
[debug] [2025-11-12T01:55:42.407Z] > authorizing via signed-in user (j2jteams@gmail.com)
[error] Failed to fetch Firebase Project from Studio Workspace because WORKSPACE_SLUG environment variable is empty
[error] Failed to fetch Firebase Project from Studio Workspace because WORKSPACE_SLUG environment variable is empty
[debug] [2025-11-12T01:55:42.425Z] > command requires scopes: ["email","openid","https://www.googleapis.com/auth/cloudplatformprojects.readonly","https://www.googleapis.com/auth/firebase","https://www.googleapis.com/auth/cloud-platform","https://www.googleapis.com/auth/userinfo.email"]
[debug] [2025-11-12T01:55:42.425Z] > authorizing via signed-in user (j2jteams@gmail.com)
[error] Failed to fetch Firebase Project from Studio Workspace because WORKSPACE_SLUG environment variable is empty
[debug] [2025-11-12T01:55:42.433Z] > command requires scopes: ["email","openid","https://www.googleapis.com/auth/cloudplatformprojects.readonly","https://www.googleapis.com/auth/firebase","https://www.googleapis.com/auth/cloud-platform","https://www.googleapis.com/auth/userinfo.email"]
[debug] [2025-11-12T01:55:42.433Z] > authorizing via signed-in user (j2jteams@gmail.com)
